11/12/2020 22:32: Starting bot...

11/12/2020 22:32: Logging In...

11/12/2020 22:32: Waiting to run PostGuilds task...

11/12/2020 22:32: Waiting to run Statuses task...

11/12/2020 22:32: Cannot connect to host discord.com:443 ssl:default [The specified network name is no longer available]

11/12/2020 22:35: Starting bot...

11/12/2020 22:35: Logging In...

11/12/2020 22:35: Waiting to run PostGuilds task...

11/12/2020 22:35: Waiting to run Statuses task...

11/12/2020 22:35: Cannot connect to host discord.com:443 ssl:default [The specified network name is no longer available]

11/12/2020 22:35: Starting bot...

11/12/2020 22:35: Logging In...

11/12/2020 22:35: Waiting to run PostGuilds task...

11/12/2020 22:35: Waiting to run Statuses task...

11/12/2020 22:35: Cannot connect to host discord.com:443 ssl:default [The specified network name is no longer available]

11/13/2020 08:39: Starting bot...

11/13/2020 08:39: Logging In...

11/13/2020 08:39: Waiting to run PostGuilds task...

11/13/2020 08:39: Waiting to run Statuses task...

11/13/2020 08:39: Cannot connect to host discord.com:443 ssl:default [The specified network name is no longer available]

11/13/2020 08:43: Starting bot...

11/13/2020 08:43: Logging In...

11/13/2020 08:43: Waiting to run PostGuilds task...

11/13/2020 08:43: Waiting to run Statuses task...

11/13/2020 08:43: Cannot connect to host discord.com:443 ssl:default [The specified network name is no longer available]

11/13/2020 08:43: Starting bot...

11/13/2020 08:43: Logging In...

11/13/2020 08:43: Waiting to run PostGuilds task...

11/13/2020 08:43: Waiting to run Statuses task...

11/13/2020 08:43: Cannot connect to host discord.com:443 ssl:default [The specified network name is no longer available]

11/13/2020 08:44: Starting bot...

11/13/2020 08:44: Logging In...

11/13/2020 08:44: Waiting to run PostGuilds task...

11/13/2020 08:44: Waiting to run Statuses task...

11/13/2020 08:44: Cannot connect to host discord.com:443 ssl:default [The specified network name is no longer available]

11/13/2020 10:09: Starting bot...

11/13/2020 10:09: Logging In...

11/13/2020 10:09: Waiting to run PostGuilds task...

11/13/2020 10:09: Waiting to run Statuses task...

11/13/2020 10:09: Cannot connect to host discord.com:443 ssl:default [The specified network name is no longer available]

11/13/2020 10:10: Starting bot...

11/13/2020 10:10: Logging In...

11/13/2020 10:10: Waiting to run PostGuilds task...

11/13/2020 10:10: Waiting to run Statuses task...

11/13/2020 10:10: Cannot connect to host discord.com:443 ssl:default [The specified network name is no longer available]

11/13/2020 10:13: Starting bot...

11/13/2020 10:13: Logging In...

11/13/2020 10:13: Waiting to run PostGuilds task...

11/13/2020 10:13: Waiting to run Statuses task...

11/13/2020 10:13: Cannot connect to host discord.com:443 ssl:default [The specified network name is no longer available]

