08/11/2020 20:20: Starting bot...
08/11/2020 20:20:  Importing Modules...
08/11/2020 20:20:  Modules imported.
08/11/2020 20:20:  Loading Cogs...
08/11/2020 20:20:      Loading extension commands.help...
08/11/2020 20:20:      Extension commands.help loaded.
08/11/2020 20:20:      Loading extension commands.player...
08/11/2020 20:20:      Extension commands.player loaded.
08/11/2020 20:20:      Loading extension commands.bedwars...
08/11/2020 20:20:      Extension commands.bedwars loaded.
08/11/2020 20:20:      Loading extension commands.skywars...
08/11/2020 20:20:      Extension commands.skywars loaded.
08/11/2020 20:20:      Loading extension commands.pit...
08/11/2020 20:20:      Extension commands.pit loaded.
08/11/2020 20:20:      Loading extension commands.guild...
08/11/2020 20:20:      Extension commands.guild loaded.
08/11/2020 20:20:      Loading extension commands.murdermystery...
08/11/2020 20:20:      Extension commands.murdermystery loaded.
08/11/2020 20:20:      Loading extension commands.ping...
08/11/2020 20:20:      Extension commands.ping loaded.
08/11/2020 20:20:      Loading extension commands.owner.load...
08/11/2020 20:20:      Extension commands.owner.load loaded.
08/11/2020 20:20:      Loading extension commands.owner.unload...
08/11/2020 20:20:      Extension commands.owner.unload loaded.
08/11/2020 20:20:      Loading extension commands.owner.reload...
08/11/2020 20:20:      Extension commands.owner.reload loaded.
08/11/2020 20:20:      Loading extension commands.owner.stop...
08/11/2020 20:20:      Extension commands.owner.stop loaded.
08/11/2020 20:20:      Loading extension events.commanderror...
08/11/2020 20:20:      Extension events.commanderror loaded.
08/11/2020 20:20:      Loading extension events.ready...
08/11/2020 20:20:      Extension events.ready loaded.
08/11/2020 20:20:  Cogs loaded.
08/11/2020 20:20:  Logging In...
08/11/2020 20:20:  Cannot connect to host discord.com:443 ssl:default [The specified network name is no longer available]
